2025-07-04 01:55:43,687 - INFO - Starting regularization techniques comparison
2025-07-04 01:55:43,687 - INFO - Running experiment: no_reg
2025-07-04 01:55:54,646 - INFO - Epoch 1: Train Loss: 1.6675, Train Acc: 0.4098, Test Loss: 1.5512, Test Acc: 0.4518
2025-07-04 01:56:06,781 - INFO - Epoch 2: Train Loss: 1.4626, Train Acc: 0.4839, Test Loss: 1.4374, Test Acc: 0.4926
2025-07-04 01:56:19,690 - INFO - Epoch 3: Train Loss: 1.3549, Train Acc: 0.5210, Test Loss: 1.4188, Test Acc: 0.5080
2025-07-04 01:56:32,976 - INFO - Epoch 4: Train Loss: 1.2691, Train Acc: 0.5524, Test Loss: 1.4020, Test Acc: 0.5164
2025-07-04 01:56:45,823 - INFO - Epoch 5: Train Loss: 1.1971, Train Acc: 0.5768, Test Loss: 1.4099, Test Acc: 0.5119
2025-07-04 01:56:58,981 - INFO - Epoch 6: Train Loss: 1.1346, Train Acc: 0.5979, Test Loss: 1.4074, Test Acc: 0.5241
2025-07-04 01:57:12,575 - INFO - Epoch 7: Train Loss: 1.0698, Train Acc: 0.6204, Test Loss: 1.4304, Test Acc: 0.5329
2025-07-04 01:57:25,760 - INFO - Epoch 8: Train Loss: 1.0158, Train Acc: 0.6402, Test Loss: 1.4317, Test Acc: 0.5301
2025-07-04 01:57:38,976 - INFO - Epoch 9: Train Loss: 0.9522, Train Acc: 0.6604, Test Loss: 1.4401, Test Acc: 0.5318
2025-07-04 01:57:52,555 - INFO - Epoch 10: Train Loss: 0.8978, Train Acc: 0.6778, Test Loss: 1.4979, Test Acc: 0.5279
2025-07-04 01:58:05,837 - INFO - Epoch 11: Train Loss: 0.8536, Train Acc: 0.6955, Test Loss: 1.4862, Test Acc: 0.5301
2025-07-04 01:58:19,326 - INFO - Epoch 12: Train Loss: 0.8071, Train Acc: 0.7098, Test Loss: 1.5601, Test Acc: 0.5298
2025-07-04 01:58:32,819 - INFO - Epoch 13: Train Loss: 0.7677, Train Acc: 0.7252, Test Loss: 1.5731, Test Acc: 0.5331
2025-07-04 01:58:46,019 - INFO - Epoch 14: Train Loss: 0.7224, Train Acc: 0.7397, Test Loss: 1.6698, Test Acc: 0.5331
2025-07-04 01:58:59,067 - INFO - Epoch 15: Train Loss: 0.6817, Train Acc: 0.7546, Test Loss: 1.7390, Test Acc: 0.5280
2025-07-04 01:59:16,054 - INFO - Running experiment: dropout_0.1
2025-07-04 01:59:28,881 - INFO - Epoch 1: Train Loss: 1.7259, Train Acc: 0.3861, Test Loss: 1.5510, Test Acc: 0.4524
2025-07-04 01:59:42,351 - INFO - Epoch 2: Train Loss: 1.5517, Train Acc: 0.4535, Test Loss: 1.5442, Test Acc: 0.4560
2025-07-04 01:59:55,989 - INFO - Epoch 3: Train Loss: 1.4585, Train Acc: 0.4872, Test Loss: 1.4457, Test Acc: 0.4872
2025-07-04 02:00:09,606 - INFO - Epoch 4: Train Loss: 1.4014, Train Acc: 0.5079, Test Loss: 1.4090, Test Acc: 0.5069
2025-07-04 02:00:23,688 - INFO - Epoch 5: Train Loss: 1.3507, Train Acc: 0.5245, Test Loss: 1.4439, Test Acc: 0.4910
2025-07-04 02:00:37,809 - INFO - Epoch 6: Train Loss: 1.3015, Train Acc: 0.5401, Test Loss: 1.3786, Test Acc: 0.5178
2025-07-04 02:00:51,449 - INFO - Epoch 7: Train Loss: 1.2578, Train Acc: 0.5554, Test Loss: 1.4248, Test Acc: 0.5039
2025-07-04 02:01:05,850 - INFO - Epoch 8: Train Loss: 1.2191, Train Acc: 0.5696, Test Loss: 1.3640, Test Acc: 0.5260
2025-07-04 02:01:19,669 - INFO - Epoch 9: Train Loss: 1.1833, Train Acc: 0.5813, Test Loss: 1.3675, Test Acc: 0.5299
2025-07-04 02:01:33,276 - INFO - Epoch 10: Train Loss: 1.1508, Train Acc: 0.5908, Test Loss: 1.3868, Test Acc: 0.5332
2025-07-04 02:01:47,060 - INFO - Epoch 11: Train Loss: 1.1184, Train Acc: 0.6040, Test Loss: 1.4022, Test Acc: 0.5325
2025-07-04 02:02:00,955 - INFO - Epoch 12: Train Loss: 1.0947, Train Acc: 0.6133, Test Loss: 1.3744, Test Acc: 0.5350
2025-07-04 02:02:15,385 - INFO - Epoch 13: Train Loss: 1.0621, Train Acc: 0.6215, Test Loss: 1.3891, Test Acc: 0.5357
2025-07-04 02:02:29,339 - INFO - Epoch 14: Train Loss: 1.0390, Train Acc: 0.6303, Test Loss: 1.4040, Test Acc: 0.5374
2025-07-04 02:02:42,925 - INFO - Epoch 15: Train Loss: 1.0056, Train Acc: 0.6421, Test Loss: 1.4275, Test Acc: 0.5423
2025-07-04 02:03:14,562 - INFO - Running experiment: dropout_0.3
2025-07-04 02:03:26,457 - INFO - Epoch 1: Train Loss: 1.8379, Train Acc: 0.3455, Test Loss: 1.6437, Test Acc: 0.4189
2025-07-04 02:03:40,065 - INFO - Epoch 2: Train Loss: 1.6946, Train Acc: 0.4047, Test Loss: 1.5408, Test Acc: 0.4581
2025-07-04 02:03:54,009 - INFO - Epoch 3: Train Loss: 1.6336, Train Acc: 0.4260, Test Loss: 1.5378, Test Acc: 0.4629
2025-07-04 02:04:07,966 - INFO - Epoch 4: Train Loss: 1.6000, Train Acc: 0.4382, Test Loss: 1.5142, Test Acc: 0.4631
2025-07-04 02:04:22,202 - INFO - Epoch 5: Train Loss: 1.5599, Train Acc: 0.4521, Test Loss: 1.4837, Test Acc: 0.4770
2025-07-04 02:04:35,790 - INFO - Epoch 6: Train Loss: 1.5335, Train Acc: 0.4579, Test Loss: 1.4731, Test Acc: 0.4778
2025-07-04 02:04:49,589 - INFO - Epoch 7: Train Loss: 1.5141, Train Acc: 0.4702, Test Loss: 1.4831, Test Acc: 0.4814
2025-07-04 02:05:03,842 - INFO - Epoch 8: Train Loss: 1.4855, Train Acc: 0.4788, Test Loss: 1.4478, Test Acc: 0.4887
2025-07-04 02:05:17,986 - INFO - Epoch 9: Train Loss: 1.4743, Train Acc: 0.4821, Test Loss: 1.4185, Test Acc: 0.4973
2025-07-04 02:05:40,857 - INFO - Epoch 10: Train Loss: 1.4534, Train Acc: 0.4911, Test Loss: 1.4511, Test Acc: 0.4894
2025-07-04 02:05:54,545 - INFO - Epoch 11: Train Loss: 1.4344, Train Acc: 0.4956, Test Loss: 1.4142, Test Acc: 0.5043
2025-07-04 02:06:08,688 - INFO - Epoch 12: Train Loss: 1.4200, Train Acc: 0.5007, Test Loss: 1.3939, Test Acc: 0.5082
2025-07-04 02:06:22,479 - INFO - Epoch 13: Train Loss: 1.3969, Train Acc: 0.5122, Test Loss: 1.4124, Test Acc: 0.5023
2025-07-04 02:06:36,844 - INFO - Epoch 14: Train Loss: 1.3928, Train Acc: 0.5137, Test Loss: 1.4021, Test Acc: 0.5047
2025-07-04 02:06:50,739 - INFO - Epoch 15: Train Loss: 1.3808, Train Acc: 0.5161, Test Loss: 1.3750, Test Acc: 0.5177
2025-07-04 02:07:04,330 - INFO - Running experiment: dropout_0.5
2025-07-04 02:07:17,190 - INFO - Epoch 1: Train Loss: 1.9808, Train Acc: 0.2852, Test Loss: 1.7820, Test Acc: 0.3839
2025-07-04 02:07:30,458 - INFO - Epoch 2: Train Loss: 1.8597, Train Acc: 0.3345, Test Loss: 1.7521, Test Acc: 0.4079
2025-07-04 02:07:44,038 - INFO - Epoch 3: Train Loss: 1.8267, Train Acc: 0.3509, Test Loss: 1.7024, Test Acc: 0.4115
2025-07-04 02:07:57,482 - INFO - Epoch 4: Train Loss: 1.7979, Train Acc: 0.3627, Test Loss: 1.6626, Test Acc: 0.4240
2025-07-04 02:08:11,350 - INFO - Epoch 5: Train Loss: 1.7806, Train Acc: 0.3701, Test Loss: 1.6724, Test Acc: 0.4208
2025-07-04 02:08:25,294 - INFO - Epoch 6: Train Loss: 1.7663, Train Acc: 0.3737, Test Loss: 1.6703, Test Acc: 0.4070
2025-07-04 02:08:39,285 - INFO - Epoch 7: Train Loss: 1.7510, Train Acc: 0.3787, Test Loss: 1.6530, Test Acc: 0.4288
2025-07-04 02:08:53,902 - INFO - Epoch 8: Train Loss: 1.7486, Train Acc: 0.3824, Test Loss: 1.6477, Test Acc: 0.4210
2025-07-04 02:09:07,868 - INFO - Epoch 9: Train Loss: 1.7372, Train Acc: 0.3872, Test Loss: 1.6205, Test Acc: 0.4398
2025-07-04 02:09:21,728 - INFO - Epoch 10: Train Loss: 1.7269, Train Acc: 0.3871, Test Loss: 1.6260, Test Acc: 0.4376
2025-07-04 02:09:36,056 - INFO - Epoch 11: Train Loss: 1.7130, Train Acc: 0.3950, Test Loss: 1.6119, Test Acc: 0.4407
2025-07-04 02:09:49,845 - INFO - Epoch 12: Train Loss: 1.7137, Train Acc: 0.3977, Test Loss: 1.6237, Test Acc: 0.4380
2025-07-04 02:10:03,620 - INFO - Epoch 13: Train Loss: 1.7010, Train Acc: 0.3997, Test Loss: 1.5891, Test Acc: 0.4406
2025-07-04 02:10:17,642 - INFO - Epoch 14: Train Loss: 1.7014, Train Acc: 0.4029, Test Loss: 1.5841, Test Acc: 0.4459
2025-07-04 02:10:31,422 - INFO - Epoch 15: Train Loss: 1.6974, Train Acc: 0.4031, Test Loss: 1.5779, Test Acc: 0.4577
2025-07-04 02:11:05,038 - INFO - Running experiment: batchnorm
2025-07-04 02:11:17,961 - INFO - Epoch 1: Train Loss: 1.6132, Train Acc: 0.4224, Test Loss: 1.4396, Test Acc: 0.4831
2025-07-04 02:11:32,137 - INFO - Epoch 2: Train Loss: 1.3972, Train Acc: 0.5003, Test Loss: 1.3607, Test Acc: 0.5166
2025-07-04 02:11:46,941 - INFO - Epoch 3: Train Loss: 1.2897, Train Acc: 0.5396, Test Loss: 1.3194, Test Acc: 0.5216
2025-07-04 02:12:01,182 - INFO - Epoch 4: Train Loss: 1.2103, Train Acc: 0.5690, Test Loss: 1.3086, Test Acc: 0.5358
2025-07-04 02:12:16,035 - INFO - Epoch 5: Train Loss: 1.1369, Train Acc: 0.5963, Test Loss: 1.2601, Test Acc: 0.5551
2025-07-04 02:12:30,657 - INFO - Epoch 6: Train Loss: 1.0737, Train Acc: 0.6162, Test Loss: 1.2869, Test Acc: 0.5430
2025-07-04 02:12:45,031 - INFO - Epoch 7: Train Loss: 1.0049, Train Acc: 0.6419, Test Loss: 1.2983, Test Acc: 0.5441
2025-07-04 02:12:59,402 - INFO - Epoch 8: Train Loss: 0.9445, Train Acc: 0.6626, Test Loss: 1.2656, Test Acc: 0.5614
2025-07-04 02:13:13,902 - INFO - Epoch 9: Train Loss: 0.8776, Train Acc: 0.6855, Test Loss: 1.3136, Test Acc: 0.5536
2025-07-04 02:13:28,092 - INFO - Epoch 10: Train Loss: 0.8173, Train Acc: 0.7083, Test Loss: 1.3440, Test Acc: 0.5519
2025-07-04 02:13:42,759 - INFO - Epoch 11: Train Loss: 0.7558, Train Acc: 0.7312, Test Loss: 1.3346, Test Acc: 0.5649
2025-07-04 02:13:57,297 - INFO - Epoch 12: Train Loss: 0.7039, Train Acc: 0.7481, Test Loss: 1.4295, Test Acc: 0.5488
2025-07-04 02:14:12,633 - INFO - Epoch 13: Train Loss: 0.6516, Train Acc: 0.7688, Test Loss: 1.4424, Test Acc: 0.5615
2025-07-04 02:14:27,159 - INFO - Epoch 14: Train Loss: 0.6018, Train Acc: 0.7855, Test Loss: 1.4692, Test Acc: 0.5612
2025-07-04 02:14:42,364 - INFO - Epoch 15: Train Loss: 0.5581, Train Acc: 0.7991, Test Loss: 1.5358, Test Acc: 0.5585
2025-07-04 02:15:04,976 - INFO - Running experiment: dropout_0.3_batchnorm
2025-07-04 02:15:19,318 - INFO - Epoch 1: Train Loss: 1.7431, Train Acc: 0.3726, Test Loss: 1.5079, Test Acc: 0.4661
2025-07-04 02:15:33,690 - INFO - Epoch 2: Train Loss: 1.5613, Train Acc: 0.4428, Test Loss: 1.4167, Test Acc: 0.4941
2025-07-04 02:15:47,911 - INFO - Epoch 3: Train Loss: 1.4840, Train Acc: 0.4721, Test Loss: 1.3642, Test Acc: 0.5154
2025-07-04 02:16:02,775 - INFO - Epoch 4: Train Loss: 1.4289, Train Acc: 0.4945, Test Loss: 1.3349, Test Acc: 0.5272
2025-07-04 02:16:27,940 - INFO - Epoch 5: Train Loss: 1.3883, Train Acc: 0.5074, Test Loss: 1.3083, Test Acc: 0.5364
2025-07-04 02:16:56,385 - INFO - Epoch 6: Train Loss: 1.3510, Train Acc: 0.5222, Test Loss: 1.2894, Test Acc: 0.5449
2025-07-04 02:17:11,170 - INFO - Epoch 7: Train Loss: 1.3195, Train Acc: 0.5330, Test Loss: 1.2739, Test Acc: 0.5468
2025-07-04 02:17:24,840 - INFO - Epoch 8: Train Loss: 1.2887, Train Acc: 0.5400, Test Loss: 1.2558, Test Acc: 0.5516
2025-07-04 02:17:39,242 - INFO - Epoch 9: Train Loss: 1.2615, Train Acc: 0.5505, Test Loss: 1.2560, Test Acc: 0.5523
2025-07-04 02:17:53,916 - INFO - Epoch 10: Train Loss: 1.2355, Train Acc: 0.5640, Test Loss: 1.2417, Test Acc: 0.5563
2025-07-04 02:18:08,636 - INFO - Epoch 11: Train Loss: 1.2102, Train Acc: 0.5710, Test Loss: 1.2233, Test Acc: 0.5665
2025-07-04 02:18:23,471 - INFO - Epoch 12: Train Loss: 1.1912, Train Acc: 0.5777, Test Loss: 1.2177, Test Acc: 0.5647
2025-07-04 02:18:38,250 - INFO - Epoch 13: Train Loss: 1.1692, Train Acc: 0.5859, Test Loss: 1.2200, Test Acc: 0.5658
2025-07-04 02:18:52,517 - INFO - Epoch 14: Train Loss: 1.1494, Train Acc: 0.5933, Test Loss: 1.2098, Test Acc: 0.5706
2025-07-04 02:19:06,986 - INFO - Epoch 15: Train Loss: 1.1279, Train Acc: 0.5994, Test Loss: 1.2027, Test Acc: 0.5720
2025-07-04 02:19:32,974 - INFO - Running experiment: l2_reg
2025-07-04 02:19:45,303 - INFO - Epoch 1: Train Loss: 1.8007, Train Acc: 0.3546, Test Loss: 1.6796, Test Acc: 0.3997
2025-07-04 02:19:58,176 - INFO - Epoch 2: Train Loss: 1.6869, Train Acc: 0.3969, Test Loss: 1.6340, Test Acc: 0.4207
2025-07-04 02:20:11,980 - INFO - Epoch 3: Train Loss: 1.6466, Train Acc: 0.4133, Test Loss: 1.6473, Test Acc: 0.4132
2025-07-04 02:20:27,498 - INFO - Epoch 4: Train Loss: 1.6223, Train Acc: 0.4215, Test Loss: 1.6036, Test Acc: 0.4263
2025-07-04 02:20:43,932 - INFO - Epoch 5: Train Loss: 1.6011, Train Acc: 0.4309, Test Loss: 1.6346, Test Acc: 0.4168
2025-07-04 02:21:01,529 - INFO - Epoch 6: Train Loss: 1.5892, Train Acc: 0.4323, Test Loss: 1.5796, Test Acc: 0.4398
2025-07-04 02:21:18,491 - INFO - Epoch 7: Train Loss: 1.5739, Train Acc: 0.4403, Test Loss: 1.5714, Test Acc: 0.4451
2025-07-04 02:21:37,611 - INFO - Epoch 8: Train Loss: 1.5703, Train Acc: 0.4389, Test Loss: 1.5663, Test Acc: 0.4462
2025-07-04 02:21:58,137 - INFO - Epoch 9: Train Loss: 1.5666, Train Acc: 0.4422, Test Loss: 1.5951, Test Acc: 0.4426
2025-07-04 02:22:18,265 - INFO - Epoch 10: Train Loss: 1.5608, Train Acc: 0.4448, Test Loss: 1.5844, Test Acc: 0.4338
2025-07-04 02:22:38,538 - INFO - Epoch 11: Train Loss: 1.5530, Train Acc: 0.4457, Test Loss: 1.5464, Test Acc: 0.4464
2025-07-04 02:22:57,865 - INFO - Epoch 12: Train Loss: 1.5583, Train Acc: 0.4438, Test Loss: 1.5362, Test Acc: 0.4504
2025-07-04 02:23:18,004 - INFO - Epoch 13: Train Loss: 1.5534, Train Acc: 0.4477, Test Loss: 1.5761, Test Acc: 0.4385
2025-07-04 02:23:39,453 - INFO - Epoch 14: Train Loss: 1.5509, Train Acc: 0.4477, Test Loss: 1.5551, Test Acc: 0.4511
2025-07-04 02:24:01,115 - INFO - Epoch 15: Train Loss: 1.5501, Train Acc: 0.4479, Test Loss: 1.5617, Test Acc: 0.4439
2025-07-04 02:24:19,428 - INFO - Running experiment: combined
2025-07-04 02:24:35,126 - INFO - Epoch 1: Train Loss: 1.7623, Train Acc: 0.3680, Test Loss: 1.5458, Test Acc: 0.4503
2025-07-04 02:24:50,375 - INFO - Epoch 2: Train Loss: 1.6339, Train Acc: 0.4158, Test Loss: 1.5321, Test Acc: 0.4489
2025-07-04 02:25:05,750 - INFO - Epoch 3: Train Loss: 1.6006, Train Acc: 0.4250, Test Loss: 1.4983, Test Acc: 0.4690
2025-07-04 02:25:20,920 - INFO - Epoch 4: Train Loss: 1.5865, Train Acc: 0.4333, Test Loss: 1.4762, Test Acc: 0.4745
2025-07-04 02:25:36,011 - INFO - Epoch 5: Train Loss: 1.5792, Train Acc: 0.4387, Test Loss: 1.4579, Test Acc: 0.4871
2025-07-04 02:25:51,255 - INFO - Epoch 6: Train Loss: 1.5650, Train Acc: 0.4415, Test Loss: 1.4707, Test Acc: 0.4776
2025-07-04 02:26:06,826 - INFO - Epoch 7: Train Loss: 1.5635, Train Acc: 0.4403, Test Loss: 1.4603, Test Acc: 0.4826
2025-07-04 02:26:22,342 - INFO - Epoch 8: Train Loss: 1.5561, Train Acc: 0.4465, Test Loss: 1.4426, Test Acc: 0.4913
2025-07-04 02:26:38,140 - INFO - Epoch 9: Train Loss: 1.5513, Train Acc: 0.4479, Test Loss: 1.4135, Test Acc: 0.4979
2025-07-04 02:26:59,278 - INFO - Epoch 10: Train Loss: 1.5479, Train Acc: 0.4473, Test Loss: 1.4465, Test Acc: 0.4829
2025-07-04 02:27:29,818 - INFO - Epoch 11: Train Loss: 1.5443, Train Acc: 0.4510, Test Loss: 1.4455, Test Acc: 0.4976
2025-07-04 02:28:33,958 - INFO - Epoch 12: Train Loss: 1.5426, Train Acc: 0.4510, Test Loss: 1.4215, Test Acc: 0.5053
2025-07-04 02:30:30,394 - INFO - Epoch 13: Train Loss: 1.5358, Train Acc: 0.4552, Test Loss: 1.4235, Test Acc: 0.4990
2025-07-04 02:33:14,420 - INFO - Epoch 14: Train Loss: 1.5323, Train Acc: 0.4561, Test Loss: 1.4285, Test Acc: 0.4878
2025-07-04 02:35:37,227 - INFO - Epoch 15: Train Loss: 1.5343, Train Acc: 0.4541, Test Loss: 1.4374, Test Acc: 0.4968
2025-07-04 02:35:59,449 - INFO - Starting adaptive regularization experiments
2025-07-04 02:35:59,449 - INFO - Running adaptive experiment: progressive_dropout
2025-07-04 02:36:12,063 - INFO - Epoch 1: Train Loss: 1.7888, Train Acc: 0.3654, Test Loss: 1.5959, Test Acc: 0.4443
2025-07-04 02:36:26,385 - INFO - Epoch 2: Train Loss: 1.6225, Train Acc: 0.4279, Test Loss: 1.5232, Test Acc: 0.4648
2025-07-04 02:36:40,187 - INFO - Epoch 3: Train Loss: 1.5407, Train Acc: 0.4577, Test Loss: 1.4761, Test Acc: 0.4797
2025-07-04 02:36:54,006 - INFO - Epoch 4: Train Loss: 1.4820, Train Acc: 0.4787, Test Loss: 1.4355, Test Acc: 0.4953
2025-07-04 02:37:08,212 - INFO - Epoch 5: Train Loss: 1.4409, Train Acc: 0.4957, Test Loss: 1.4392, Test Acc: 0.4960
2025-07-04 02:37:22,921 - INFO - Epoch 6: Train Loss: 1.3979, Train Acc: 0.5085, Test Loss: 1.4085, Test Acc: 0.5053
2025-07-04 02:37:36,821 - INFO - Epoch 7: Train Loss: 1.3578, Train Acc: 0.5223, Test Loss: 1.3947, Test Acc: 0.5076
2025-07-04 02:37:50,956 - INFO - Epoch 8: Train Loss: 1.3343, Train Acc: 0.5295, Test Loss: 1.4016, Test Acc: 0.5147
2025-07-04 02:38:05,280 - INFO - Epoch 9: Train Loss: 1.3040, Train Acc: 0.5421, Test Loss: 1.3772, Test Acc: 0.5208
2025-07-04 02:38:19,967 - INFO - Epoch 10: Train Loss: 1.2703, Train Acc: 0.5514, Test Loss: 1.3910, Test Acc: 0.5123
2025-07-04 02:38:34,975 - INFO - Epoch 11: Train Loss: 1.2484, Train Acc: 0.5592, Test Loss: 1.3983, Test Acc: 0.5112
2025-07-04 02:38:49,214 - INFO - Epoch 12: Train Loss: 1.2200, Train Acc: 0.5713, Test Loss: 1.4165, Test Acc: 0.5224
2025-07-04 02:39:02,890 - INFO - Epoch 13: Train Loss: 1.1999, Train Acc: 0.5776, Test Loss: 1.3884, Test Acc: 0.5260
2025-07-04 02:39:17,294 - INFO - Epoch 14: Train Loss: 1.1742, Train Acc: 0.5875, Test Loss: 1.4145, Test Acc: 0.5203
2025-07-04 02:39:31,385 - INFO - Epoch 15: Train Loss: 1.1478, Train Acc: 0.5940, Test Loss: 1.4113, Test Acc: 0.5197
2025-07-04 02:39:31,476 - INFO - Running adaptive experiment: batchnorm_variable_momentum
2025-07-04 02:39:45,546 - INFO - Epoch 1: Train Loss: 1.6222, Train Acc: 0.4212, Test Loss: 1.4558, Test Acc: 0.4760
2025-07-04 02:40:00,064 - INFO - Epoch 2: Train Loss: 1.4025, Train Acc: 0.4975, Test Loss: 1.3724, Test Acc: 0.5119
2025-07-04 02:40:14,552 - INFO - Epoch 3: Train Loss: 1.2926, Train Acc: 0.5401, Test Loss: 1.3308, Test Acc: 0.5190
2025-07-04 02:40:28,592 - INFO - Epoch 4: Train Loss: 1.2101, Train Acc: 0.5698, Test Loss: 1.2766, Test Acc: 0.5451
2025-07-04 02:40:43,989 - INFO - Epoch 5: Train Loss: 1.1377, Train Acc: 0.5957, Test Loss: 1.3022, Test Acc: 0.5460
2025-07-04 02:40:58,827 - INFO - Epoch 6: Train Loss: 1.0681, Train Acc: 0.6224, Test Loss: 1.2922, Test Acc: 0.5485
2025-07-04 02:41:13,481 - INFO - Epoch 7: Train Loss: 1.0033, Train Acc: 0.6446, Test Loss: 1.2752, Test Acc: 0.5584
2025-07-04 02:41:28,294 - INFO - Epoch 8: Train Loss: 0.9384, Train Acc: 0.6638, Test Loss: 1.3048, Test Acc: 0.5580
2025-07-04 02:41:43,081 - INFO - Epoch 9: Train Loss: 0.8817, Train Acc: 0.6822, Test Loss: 1.3124, Test Acc: 0.5561
2025-07-04 02:41:57,588 - INFO - Epoch 10: Train Loss: 0.8171, Train Acc: 0.7080, Test Loss: 1.3236, Test Acc: 0.5590
2025-07-04 02:42:12,870 - INFO - Epoch 11: Train Loss: 0.7642, Train Acc: 0.7269, Test Loss: 1.3572, Test Acc: 0.5589
2025-07-04 02:42:27,883 - INFO - Epoch 12: Train Loss: 0.6998, Train Acc: 0.7503, Test Loss: 1.3923, Test Acc: 0.5687
2025-07-04 02:42:42,391 - INFO - Epoch 13: Train Loss: 0.6529, Train Acc: 0.7686, Test Loss: 1.4232, Test Acc: 0.5592
2025-07-04 02:42:56,963 - INFO - Epoch 14: Train Loss: 0.6002, Train Acc: 0.7858, Test Loss: 1.4655, Test Acc: 0.5602
2025-07-04 02:43:11,725 - INFO - Epoch 15: Train Loss: 0.5578, Train Acc: 0.8004, Test Loss: 1.5730, Test Acc: 0.5518
2025-07-04 02:43:11,815 - INFO - Running adaptive experiment: layerwise_combined
2025-07-04 02:43:27,171 - INFO - Epoch 1: Train Loss: 1.6912, Train Acc: 0.3921, Test Loss: 1.5781, Test Acc: 0.4312
2025-07-04 02:43:41,960 - INFO - Epoch 2: Train Loss: 1.5500, Train Acc: 0.4495, Test Loss: 1.4984, Test Acc: 0.4601
2025-07-04 02:43:56,879 - INFO - Epoch 3: Train Loss: 1.4909, Train Acc: 0.4681, Test Loss: 1.4306, Test Acc: 0.4877
2025-07-04 02:44:11,389 - INFO - Epoch 4: Train Loss: 1.4506, Train Acc: 0.4824, Test Loss: 1.4114, Test Acc: 0.4911
2025-07-04 02:44:25,820 - INFO - Epoch 5: Train Loss: 1.4233, Train Acc: 0.4945, Test Loss: 1.3824, Test Acc: 0.5066
2025-07-04 02:44:40,916 - INFO - Epoch 6: Train Loss: 1.3949, Train Acc: 0.5054, Test Loss: 1.3850, Test Acc: 0.5063
2025-07-04 02:45:06,370 - INFO - Epoch 7: Train Loss: 1.3730, Train Acc: 0.5116, Test Loss: 1.3722, Test Acc: 0.5152
2025-07-04 02:46:20,098 - INFO - Epoch 8: Train Loss: 1.3578, Train Acc: 0.5176, Test Loss: 1.3794, Test Acc: 0.5084
2025-07-04 02:48:30,437 - INFO - Epoch 9: Train Loss: 1.3435, Train Acc: 0.5254, Test Loss: 1.3577, Test Acc: 0.5130
2025-07-04 02:50:55,713 - INFO - Epoch 10: Train Loss: 1.3296, Train Acc: 0.5280, Test Loss: 1.3564, Test Acc: 0.5122
2025-07-04 02:53:26,891 - INFO - Epoch 11: Train Loss: 1.3215, Train Acc: 0.5351, Test Loss: 1.3580, Test Acc: 0.5174
2025-07-04 02:56:03,718 - INFO - Epoch 12: Train Loss: 1.3153, Train Acc: 0.5337, Test Loss: 1.3408, Test Acc: 0.5260
2025-07-04 02:58:45,753 - INFO - Epoch 13: Train Loss: 1.3079, Train Acc: 0.5367, Test Loss: 1.3424, Test Acc: 0.5209
2025-07-04 03:01:31,236 - INFO - Epoch 14: Train Loss: 1.3029, Train Acc: 0.5397, Test Loss: 1.3292, Test Acc: 0.5231
2025-07-04 03:04:18,837 - INFO - Epoch 15: Train Loss: 1.2913, Train Acc: 0.5418, Test Loss: 1.3319, Test Acc: 0.5271
