2025-07-06 19:49:37,491 - INFO - Starting custom layers experiment...
2025-07-06 19:49:39,041 - INFO - 
Testing standard layer...
2025-07-06 19:49:39,042 - INFO - Parameters: 82,826
2025-07-06 19:53:59,605 - INFO - 
Testing conv layer...
2025-07-06 19:53:59,606 - INFO - Parameters: 82,828
2025-07-06 19:57:22,967 - INFO - 
Testing attention layer...
2025-07-06 19:57:22,968 - INFO - Parameters: 83,118
2025-07-06 20:00:53,197 - INFO - 
Testing pool layer...
2025-07-06 20:00:53,197 - INFO - Parameters: 82,826
2025-07-06 20:09:21,289 - INFO - Starting custom layers experiment...
2025-07-06 20:09:22,625 - INFO - 
Testing standard layer...
2025-07-06 20:09:22,625 - INFO - Parameters: 82,826
2025-07-06 20:12:03,229 - INFO - 
Testing conv layer...
2025-07-06 20:12:03,230 - INFO - Parameters: 82,828
2025-07-06 20:15:22,762 - INFO - 
Testing attention layer...
2025-07-06 20:15:22,762 - INFO - Parameters: 83,118
2025-07-06 20:18:42,562 - INFO - 
Testing pool layer...
2025-07-06 20:18:42,562 - INFO - Parameters: 246,666
2025-07-06 20:39:00,244 - INFO - Starting experiments...
2025-07-06 20:39:01,553 - INFO - Data loaded successfully
2025-07-06 20:39:01,561 - INFO - 
Testing standard layer...
2025-07-06 20:39:01,562 - INFO - Parameters: 82,826
2025-07-06 20:41:28,280 - INFO - 
Testing conv layer...
2025-07-06 20:41:28,281 - INFO - Parameters: 82,828
2025-07-06 20:44:39,407 - INFO - 
Testing attention layer...
2025-07-06 20:44:39,407 - INFO - Parameters: 83,118
2025-07-06 20:47:56,149 - INFO - 
Testing pool layer...
2025-07-06 20:47:56,150 - INFO - Parameters: 246,666
2025-07-06 21:10:01,153 - INFO - Starting custom layers experiment...
2025-07-06 21:10:02,476 - INFO - 
Testing standard layer...
2025-07-06 21:10:02,477 - INFO - Parameters: 82,826
2025-07-06 21:12:39,408 - INFO - 
Testing conv layer...
2025-07-06 21:12:39,408 - INFO - Parameters: 82,828
2025-07-06 21:15:52,928 - INFO - 
Testing attention layer...
2025-07-06 21:15:52,928 - INFO - Parameters: 83,118
2025-07-06 21:19:53,689 - INFO - 
Testing pool layer...
2025-07-06 21:19:53,689 - INFO - Parameters: 246,666
2025-07-06 21:27:38,233 - INFO - Starting custom layers experiment (without PositionAwarePooling)...
2025-07-06 21:27:39,708 - INFO - 
Testing standard layer...
2025-07-06 21:27:39,708 - INFO - Parameters: 82,826
2025-07-06 21:31:15,928 - INFO - 
Testing conv layer...
2025-07-06 21:31:15,929 - INFO - Parameters: 82,828
2025-07-06 21:35:39,654 - INFO - 
Testing attention layer...
2025-07-06 21:35:39,654 - INFO - Parameters: 83,118
2025-07-06 21:40:13,405 - INFO - 
Testing activation layer...
2025-07-06 21:40:13,405 - INFO - Parameters: 82,826
2025-07-06 21:43:49,067 - INFO - 
=== Custom Layers Results ===
2025-07-06 21:43:49,068 - INFO - standard: Acc=0.6459, Time=215.2s, Params=82,826
2025-07-06 21:43:49,069 - INFO - conv: Acc=0.6368, Time=263.2s, Params=82,828
2025-07-06 21:43:49,069 - INFO - attention: Acc=0.6493, Time=273.3s, Params=83,118
2025-07-06 21:43:49,069 - INFO - activation: Acc=0.6317, Time=214.9s, Params=82,826
